EDA Netlist Writer report for CastleChaos
Wed Mar 13 17:52:17 2019
Quartus Prime Version 16.1.0 Build 196 10/24/2016 SJ Lite Edition


---------------------
; Table of Contents ;
---------------------
  1. Legal Notice
  2. EDA Netlist Writer Summary
  3. Simulation Settings
  4. Simulation Generated Files
  5. EDA Netlist Writer Messages



----------------
; Legal Notice ;
----------------
Copyright (C) 2016  Intel Corporation. All rights reserved.
Your use of Intel Corporation's design tools, logic functions 
and other software and tools, and its AMPP partner logic 
functions, and any output files from any of the foregoing 
(including device programming or simulation files), and any 
associated documentation or information are expressly subject 
to the terms and conditions of the Intel Program License 
Subscription Agreement, the Intel Quartus Prime License Agreement,
the Intel MegaCore Function License Agreement, or other 
applicable license agreement, including, without limitation, 
that your use is for the sole purpose of programming logic 
devices manufactured by Intel and sold by Intel or its 
authorized distributors.  Please refer to the applicable 
agreement for further details.



+-------------------------------------------------------------------+
; EDA Netlist Writer Summary                                        ;
+---------------------------+---------------------------------------+
; EDA Netlist Writer Status ; Successful - Wed Mar 13 17:52:17 2019 ;
; Revision Name             ; CastleChaos                           ;
; Top-level Entity Name     ; CastleChaos                           ;
; Family                    ; Cyclone IV E                          ;
; Simulation Files Creation ; Successful                            ;
+---------------------------+---------------------------------------+


+-------------------------------------------------------------------------------------------------------------------------------+
; Simulation Settings                                                                                                           ;
+---------------------------------------------------------------------------------------------------+---------------------------+
; Option                                                                                            ; Setting                   ;
+---------------------------------------------------------------------------------------------------+---------------------------+
; Tool Name                                                                                         ; ModelSim-Altera (Verilog) ;
; Generate functional simulation netlist                                                            ; Off                       ;
; Time scale                                                                                        ; 1 ps                      ;
; Truncate long hierarchy paths                                                                     ; Off                       ;
; Map illegal HDL characters                                                                        ; Off                       ;
; Flatten buses into individual nodes                                                               ; Off                       ;
; Maintain hierarchy                                                                                ; Off                       ;
; Bring out device-wide set/reset signals as ports                                                  ; Off                       ;
; Enable glitch filtering                                                                           ; Off                       ;
; Do not write top level VHDL entity                                                                ; Off                       ;
; Disable detection of setup and hold time violations in the input registers of bi-directional pins ; Off                       ;
; Architecture name in VHDL output netlist                                                          ; structure                 ;
; Generate third-party EDA tool command script for RTL functional simulation                        ; Off                       ;
; Generate third-party EDA tool command script for gate-level simulation                            ; Off                       ;
+---------------------------------------------------------------------------------------------------+---------------------------+


+--------------------------------------------------------------------------------------------------------------------------------------------+
; Simulation Generated Files                                                                                                                 ;
+--------------------------------------------------------------------------------------------------------------------------------------------+
; Generated Files                                                                                                                            ;
+--------------------------------------------------------------------------------------------------------------------------------------------+
; C:/Users/Sofiya/Desktop/UNIVERSITY/UTSC THIRD YEAR/b58/Final Project/Castle-Chaos/simulation/modelsim/CastleChaos_7_1200mv_85c_slow.vo     ;
; C:/Users/Sofiya/Desktop/UNIVERSITY/UTSC THIRD YEAR/b58/Final Project/Castle-Chaos/simulation/modelsim/CastleChaos_7_1200mv_0c_slow.vo      ;
; C:/Users/Sofiya/Desktop/UNIVERSITY/UTSC THIRD YEAR/b58/Final Project/Castle-Chaos/simulation/modelsim/CastleChaos_min_1200mv_0c_fast.vo    ;
; C:/Users/Sofiya/Desktop/UNIVERSITY/UTSC THIRD YEAR/b58/Final Project/Castle-Chaos/simulation/modelsim/CastleChaos.vo                       ;
; C:/Users/Sofiya/Desktop/UNIVERSITY/UTSC THIRD YEAR/b58/Final Project/Castle-Chaos/simulation/modelsim/CastleChaos_7_1200mv_85c_v_slow.sdo  ;
; C:/Users/Sofiya/Desktop/UNIVERSITY/UTSC THIRD YEAR/b58/Final Project/Castle-Chaos/simulation/modelsim/CastleChaos_7_1200mv_0c_v_slow.sdo   ;
; C:/Users/Sofiya/Desktop/UNIVERSITY/UTSC THIRD YEAR/b58/Final Project/Castle-Chaos/simulation/modelsim/CastleChaos_min_1200mv_0c_v_fast.sdo ;
; C:/Users/Sofiya/Desktop/UNIVERSITY/UTSC THIRD YEAR/b58/Final Project/Castle-Chaos/simulation/modelsim/CastleChaos_v.sdo                    ;
+--------------------------------------------------------------------------------------------------------------------------------------------+


+-----------------------------+
; EDA Netlist Writer Messages ;
+-----------------------------+
Info: *******************************************************************
Info: Running Quartus Prime EDA Netlist Writer
    Info: Version 16.1.0 Build 196 10/24/2016 SJ Lite Edition
    Info: Processing started: Wed Mar 13 17:52:15 2019
Info: Command: quartus_eda --read_settings_files=off --write_settings_files=off CastleChaos -c CastleChaos
Warning (18236): Number of processors has not been specified which may cause overloading on shared machines.  Set the global assignment NUM_PARALLEL_PROCESSORS in your QSF to an appropriate value for best performance.
Info (204019): Generated file CastleChaos_7_1200mv_85c_slow.vo in folder "C:/Users/Sofiya/Desktop/UNIVERSITY/UTSC THIRD YEAR/b58/Final Project/Castle-Chaos/simulation/modelsim/" for EDA simulation tool
Info (204019): Generated file CastleChaos_7_1200mv_0c_slow.vo in folder "C:/Users/Sofiya/Desktop/UNIVERSITY/UTSC THIRD YEAR/b58/Final Project/Castle-Chaos/simulation/modelsim/" for EDA simulation tool
Info (204019): Generated file CastleChaos_min_1200mv_0c_fast.vo in folder "C:/Users/Sofiya/Desktop/UNIVERSITY/UTSC THIRD YEAR/b58/Final Project/Castle-Chaos/simulation/modelsim/" for EDA simulation tool
Info (204019): Generated file CastleChaos.vo in folder "C:/Users/Sofiya/Desktop/UNIVERSITY/UTSC THIRD YEAR/b58/Final Project/Castle-Chaos/simulation/modelsim/" for EDA simulation tool
Info (204019): Generated file CastleChaos_7_1200mv_85c_v_slow.sdo in folder "C:/Users/Sofiya/Desktop/UNIVERSITY/UTSC THIRD YEAR/b58/Final Project/Castle-Chaos/simulation/modelsim/" for EDA simulation tool
Info (204019): Generated file CastleChaos_7_1200mv_0c_v_slow.sdo in folder "C:/Users/Sofiya/Desktop/UNIVERSITY/UTSC THIRD YEAR/b58/Final Project/Castle-Chaos/simulation/modelsim/" for EDA simulation tool
Info (204019): Generated file CastleChaos_min_1200mv_0c_v_fast.sdo in folder "C:/Users/Sofiya/Desktop/UNIVERSITY/UTSC THIRD YEAR/b58/Final Project/Castle-Chaos/simulation/modelsim/" for EDA simulation tool
Info (204019): Generated file CastleChaos_v.sdo in folder "C:/Users/Sofiya/Desktop/UNIVERSITY/UTSC THIRD YEAR/b58/Final Project/Castle-Chaos/simulation/modelsim/" for EDA simulation tool
Info: Quartus Prime EDA Netlist Writer was successful. 0 errors, 1 warning
    Info: Peak virtual memory: 4668 megabytes
    Info: Processing ended: Wed Mar 13 17:52:17 2019
    Info: Elapsed time: 00:00:02
    Info: Total CPU time (on all processors): 00:00:01


